[0.000000] (-) TimerEvent: {}
[0.000280] (mypkg) JobQueued: {'identifier': 'mypkg', 'dependencies': OrderedDict([('mypkg', '/home/ren/ros2_ws/src/mypkg/install/mypkg')])}
[0.000403] (mypkg) JobStarted: {'identifier': 'mypkg'}
[0.098668] (-) TimerEvent: {}
[0.199283] (-) TimerEvent: {}
[0.299762] (-) TimerEvent: {}
[0.400262] (-) TimerEvent: {}
[0.405836] (mypkg) Command: {'cmd': ['/usr/bin/python3', '-m', 'pytest'], 'cwd': '/home/ren/ros2_ws/src/mypkg', 'env': {'LESSOPEN': '| /usr/bin/lesspipe %s', 'USER': 'ren', 'SHLVL': '1', 'LD_LIBRARY_PATH': '/home/ren/ros2_ws/install/ren_msgs/lib:/opt/ros/humble/opt/rviz_ogre_vendor/lib:/opt/ros/humble/lib/x86_64-linux-gnu:/opt/ros/humble/lib', 'MOTD_SHOWN': 'update-motd', 'HOME': '/home/ren', 'CONDA_SHLVL': '0', 'OLDPWD': '/home/ren/ros2_ws', 'ROS_PYTHON_VERSION': '3', 'DBUS_SESSION_BUS_ADDRESS': 'unix:path=/run/user/1000/bus', 'WSL_DISTRO_NAME': 'Ubuntu', 'WAYLAND_DISPLAY': 'wayland-0', 'COLCON_PREFIX_PATH': '/home/ren/ros2_ws/install', 'ROS_DISTRO': 'humble', 'LOGNAME': 'ren', 'NAME': 'Okaren', 'WSL_INTEROP': '/run/WSL/418_interop', 'PULSE_SERVER': 'unix:/mnt/wslg/PulseServer', '_': '/usr/bin/colcon', 'ROS_VERSION': '2', 'TERM': 'xterm-256color', 'ROS_LOCALHOST_ONLY': '0', 'PATH': '/opt/ros/humble/bin:/home/ren/anaconda3/condabin:/usr/local/sbin:/usr/local/bin:/usr/sbin:/usr/bin:/sbin:/bin:/usr/games:/usr/local/games:/usr/lib/wsl/lib:/mnt/c/WINDOWS/system32:/mnt/c/WINDOWS:/mnt/c/WINDOWS/System32/Wbem:/mnt/c/WINDOWS/System32/WindowsPowerShell/v1.0:/mnt/c/WINDOWS/System32/OpenSSH:/mnt/c/Program Files/dotnet:/mnt/c/Program Files/MATLAB/R2024b/bin:/mnt/c/Users/ren46/AppData/Local/Microsoft/WindowsApps:/mnt/c/Users/ren46/AppData/Local/Programs/Microsoft VS Code/bin:/snap/bin', 'XDG_RUNTIME_DIR': '/run/user/1000/', 'DISPLAY': ':0', 'LANG': 'C.UTF-8', 'LS_COLORS': 'rs=0:di=01;34:ln=01;36:mh=00:pi=40;33:so=01;35:do=01;35:bd=40;33;01:cd=40;33;01:or=40;31;01:mi=00:su=37;41:sg=30;43:ca=30;41:tw=30;42:ow=34;42:st=37;44:ex=01;32:*.tar=01;31:*.tgz=01;31:*.arc=01;31:*.arj=01;31:*.taz=01;31:*.lha=01;31:*.lz4=01;31:*.lzh=01;31:*.lzma=01;31:*.tlz=01;31:*.txz=01;31:*.tzo=01;31:*.t7z=01;31:*.zip=01;31:*.z=01;31:*.dz=01;31:*.gz=01;31:*.lrz=01;31:*.lz=01;31:*.lzo=01;31:*.xz=01;31:*.zst=01;31:*.tzst=01;31:*.bz2=01;31:*.bz=01;31:*.tbz=01;31:*.tbz2=01;31:*.tz=01;31:*.deb=01;31:*.rpm=01;31:*.jar=01;31:*.war=01;31:*.ear=01;31:*.sar=01;31:*.rar=01;31:*.alz=01;31:*.ace=01;31:*.zoo=01;31:*.cpio=01;31:*.7z=01;31:*.rz=01;31:*.cab=01;31:*.wim=01;31:*.swm=01;31:*.dwm=01;31:*.esd=01;31:*.jpg=01;35:*.jpeg=01;35:*.mjpg=01;35:*.mjpeg=01;35:*.gif=01;35:*.bmp=01;35:*.pbm=01;35:*.pgm=01;35:*.ppm=01;35:*.tga=01;35:*.xbm=01;35:*.xpm=01;35:*.tif=01;35:*.tiff=01;35:*.png=01;35:*.svg=01;35:*.svgz=01;35:*.mng=01;35:*.pcx=01;35:*.mov=01;35:*.mpg=01;35:*.mpeg=01;35:*.m2v=01;35:*.mkv=01;35:*.webm=01;35:*.webp=01;35:*.ogm=01;35:*.mp4=01;35:*.m4v=01;35:*.mp4v=01;35:*.vob=01;35:*.qt=01;35:*.nuv=01;35:*.wmv=01;35:*.asf=01;35:*.rm=01;35:*.rmvb=01;35:*.flc=01;35:*.avi=01;35:*.fli=01;35:*.flv=01;35:*.gl=01;35:*.dl=01;35:*.xcf=01;35:*.xwd=01;35:*.yuv=01;35:*.cgm=01;35:*.emf=01;35:*.ogv=01;35:*.ogx=01;35:*.aac=00;36:*.au=00;36:*.flac=00;36:*.m4a=00;36:*.mid=00;36:*.midi=00;36:*.mka=00;36:*.mp3=00;36:*.mpc=00;36:*.ogg=00;36:*.ra=00;36:*.wav=00;36:*.oga=00;36:*.opus=00;36:*.spx=00;36:*.xspf=00;36:', 'AMENT_PREFIX_PATH': '/home/ren/ros2_ws/install/ren_msgs:/home/ren/ros2_ws/install/mypkg:/opt/ros/humble', 'CONDA_PYTHON_EXE': '/home/ren/anaconda3/bin/python', 'SHELL': '/bin/bash', 'LESSCLOSE': '/usr/bin/lesspipe %s %s', 'ROS_AUTOMATIC_DISCOVERY_RANGE': 'LOCALHOST', 'PWD': '/home/ren/ros2_ws/src/mypkg/build/mypkg', 'CONDA_EXE': '/home/ren/anaconda3/bin/conda', 'XDG_DATA_DIRS': '/usr/local/share:/usr/share:/var/lib/snapd/desktop', 'PYTHONPATH': '/home/ren/ros2_ws/install/ren_msgs/local/lib/python3.10/dist-packages:/home/ren/ros2_ws/install/mypkg/lib/python3.10/site-packages:/opt/ros/humble/lib/python3.10/site-packages:/opt/ros/humble/local/lib/python3.10/dist-packages', 'COLCON': '1', 'WSL2_GUI_APPS_ENABLED': '1', 'HOSTTYPE': 'x86_64', 'CMAKE_PREFIX_PATH': '/home/ren/ros2_ws/install/ren_msgs', 'WSLENV': '', 'PYTHONDONTWRITEBYTECODE': '1', 'PYTEST_ADDOPTS': '--tb=short --junit-xml=/home/ren/ros2_ws/src/mypkg/build/mypkg/pytest.xml --junit-prefix=mypkg -o cache_dir=/home/ren/ros2_ws/src/mypkg/build/mypkg/.pytest_cache'}, 'shell': False}
[0.500580] (-) TimerEvent: {}
[0.601229] (-) TimerEvent: {}
[0.701706] (-) TimerEvent: {}
[0.802391] (-) TimerEvent: {}
[0.902914] (-) TimerEvent: {}
[1.003502] (-) TimerEvent: {}
[1.104097] (-) TimerEvent: {}
[1.111839] (mypkg) StdoutLine: {'line': b'\x1b[1m============================= test session starts ==============================\x1b[0m\n'}
[1.112342] (mypkg) StdoutLine: {'line': b'platform linux -- Python 3.10.12, pytest-6.2.5, py-1.10.0, pluggy-0.13.0\n'}
[1.119315] (mypkg) StdoutLine: {'line': b'cachedir: build/mypkg/.pytest_cache\n'}
[1.119789] (mypkg) StdoutLine: {'line': b'rootdir: /home/ren/ros2_ws/src/mypkg\n'}
[1.120282] (mypkg) StdoutLine: {'line': b'plugins: launch-testing-ros-0.19.13, ament-flake8-0.12.14, launch-testing-1.0.13, ament-lint-0.12.14, ament-copyright-0.12.14, ament-xmllint-0.12.14, ament-pep257-0.12.14, colcon-core-0.20.1, cov-3.0.0\n'}
[1.204310] (-) TimerEvent: {}
[1.284107] (mypkg) StdoutLine: {'line': b'\x1b[1mcollecting ... \x1b[0m\x1b[1m\n'}
[1.284524] (mypkg) StdoutLine: {'line': b'collected 3 items                                                              \x1b[0m\n'}
[1.284720] (mypkg) StdoutLine: {'line': b'\n'}
[1.295041] (mypkg) StdoutLine: {'line': b'test/test_copyright.py \x1b[33ms\x1b[0m\x1b[32m                                                 [ 33%]\x1b[0m\n'}
[1.304499] (-) TimerEvent: {}
[1.404972] (-) TimerEvent: {}
[1.505437] (-) TimerEvent: {}
[1.596604] (mypkg) StdoutLine: {'line': b'test/test_flake8.py \x1b[31mF\x1b[0m\x1b[31m                                                    [ 66%]\x1b[0m\n'}
[1.605637] (-) TimerEvent: {}
[1.646904] (mypkg) StdoutLine: {'line': b'test/test_pep257.py \x1b[32m.\x1b[0m\x1b[31m                                                    [100%]\x1b[0m\n'}
[1.647412] (mypkg) StdoutLine: {'line': b'\n'}
[1.647579] (mypkg) StdoutLine: {'line': b'=================================== FAILURES ===================================\n'}
[1.647743] (mypkg) StdoutLine: {'line': b'\x1b[31m\x1b[1m_________________________________ test_flake8 __________________________________\x1b[0m\n'}
[1.647914] (mypkg) StdoutLine: {'line': b'\x1b[1m\x1b[31mtest/test_flake8.py\x1b[0m:23: in test_flake8\n'}
[1.705931] (-) TimerEvent: {}
[1.732785] (mypkg) StdoutLine: {'line': b'    \x1b[94massert\x1b[39;49;00m rc == \x1b[94m0\x1b[39;49;00m, \\\n'}
[1.734966] (mypkg) StdoutLine: {'line': b'\x1b[1m\x1b[31mE   AssertionError: Found 16 code style errors / warnings:\x1b[0m\n'}
[1.735232] (mypkg) StdoutLine: {'line': b'\x1b[1m\x1b[31mE     ./setup.py:25:9: E122 continuation line missing indentation or outdented\x1b[0m\n'}
[1.735389] (mypkg) StdoutLine: {'line': b'\x1b[1m\x1b[31mE     ./setup.py:26:9: E122 continuation line missing indentation or outdented\x1b[0m\n'}
[1.735607] (mypkg) StdoutLine: {'line': b'\x1b[1m\x1b[31mE     ./setup.py:27:9: E122 continuation line missing indentation or outdented\x1b[0m\n'}
[1.735830] (mypkg) StdoutLine: {'line': b'\x1b[1m\x1b[31mE     ./setup.py:28:9: E122 continuation line missing indentation or outdented\x1b[0m\n'}
[1.736019] (mypkg) StdoutLine: {'line': b'\x1b[1m\x1b[31mE     ./setup.py:29:9: E122 continuation line missing indentation or outdented\x1b[0m\n'}
[1.736225] (mypkg) StdoutLine: {'line': b'\x1b[1m\x1b[31mE     ./setup.py:30:9: E122 continuation line missing indentation or outdented\x1b[0m\n'}
[1.736474] (mypkg) StdoutLine: {'line': b'\x1b[1m\x1b[31mE     ./launch/wareki.launch.py:9:1: E302 expected 2 blank lines, found 1\x1b[0m\n'}
[1.736670] (mypkg) StdoutLine: {'line': b'\x1b[1m\x1b[31mE     ./mypkg/wareki_converter.py:8:1: E302 expected 2 blank lines, found 1\x1b[0m\n'}
[1.736848] (mypkg) StdoutLine: {'line': b'\x1b[1m\x1b[31mE     ./mypkg/wareki_converter.py:22:1: E302 expected 2 blank lines, found 1\x1b[0m\n'}
[1.737061] (mypkg) StdoutLine: {'line': b'\x1b[1m\x1b[31mE     ./mypkg/wareki_converter.py:32:1: E302 expected 2 blank lines, found 1\x1b[0m\n'}
[1.737348] (mypkg) StdoutLine: {'line': b'\x1b[1m\x1b[31mE     ./mypkg/wareki_converter.py:39:1: E305 expected 2 blank lines after class or function definition, found 1\x1b[0m\n'}
[1.737547] (mypkg) StdoutLine: {'line': b'\x1b[1m\x1b[31mE     ./mypkg/setup.py:1:1: W391 blank line at end of file\x1b[0m\n'}
[1.737798] (mypkg) StdoutLine: {'line': b'\x1b[1m\x1b[31mE     ./mypkg/__init__.py:1:1: W391 blank line at end of file\x1b[0m\n'}
[1.738082] (mypkg) StdoutLine: {'line': b'\x1b[1m\x1b[31mE     ./mypkg/year_pub.py:8:1: E302 expected 2 blank lines, found 1\x1b[0m\n'}
[1.738352] (mypkg) StdoutLine: {'line': b'\x1b[1m\x1b[31mE     ./mypkg/year_pub.py:25:1: E302 expected 2 blank lines, found 1\x1b[0m\n'}
[1.738565] (mypkg) StdoutLine: {'line': b'\x1b[1m\x1b[31mE     ./mypkg/year_pub.py:30:1: E305 expected 2 blank lines after class or function definition, found 1\x1b[0m\n'}
[1.738841] (mypkg) StdoutLine: {'line': b'\x1b[1m\x1b[31mE   assert 1 == 0\x1b[0m\n'}
[1.739069] (mypkg) StdoutLine: {'line': b'----------------------------- Captured stdout call -----------------------------\n'}
[1.739253] (mypkg) StdoutLine: {'line': b'\n'}
[1.739483] (mypkg) StdoutLine: {'line': b'./setup.py:25:9: E122 continuation line missing indentation or outdented\n'}
[1.739697] (mypkg) StdoutLine: {'line': b"        'talker = mypkg.talker:main',\n"}
[1.739902] (mypkg) StdoutLine: {'line': b'        ^\n'}
[1.740107] (mypkg) StdoutLine: {'line': b'\n'}
[1.740287] (mypkg) StdoutLine: {'line': b'./setup.py:26:9: E122 continuation line missing indentation or outdented\n'}
[1.740493] (mypkg) StdoutLine: {'line': b"        'listener = mypkg.listener:main',\n"}
[1.740749] (mypkg) StdoutLine: {'line': b'        ^\n'}
[1.740936] (mypkg) StdoutLine: {'line': b'\n'}
[1.741136] (mypkg) StdoutLine: {'line': b'./setup.py:27:9: E122 continuation line missing indentation or outdented\n'}
[1.741323] (mypkg) StdoutLine: {'line': b"        'talker_topic = mypkg.talker_topic:main',\n"}
[1.741506] (mypkg) StdoutLine: {'line': b'        ^\n'}
[1.741682] (mypkg) StdoutLine: {'line': b'\n'}
[1.741845] (mypkg) StdoutLine: {'line': b'./setup.py:28:9: E122 continuation line missing indentation or outdented\n'}
[1.742066] (mypkg) StdoutLine: {'line': b"        'listener_topic = mypkg.listener_topic:main',\n"}
[1.742303] (mypkg) StdoutLine: {'line': b'        ^\n'}
[1.742459] (mypkg) StdoutLine: {'line': b'\n'}
[1.742708] (mypkg) StdoutLine: {'line': b'./setup.py:29:9: E122 continuation line missing indentation or outdented\n'}
[1.742895] (mypkg) StdoutLine: {'line': b"        'wareki_converter = mypkg.wareki_converter:main',\n"}
[1.743084] (mypkg) StdoutLine: {'line': b'        ^\n'}
[1.743281] (mypkg) StdoutLine: {'line': b'\n'}
[1.743446] (mypkg) StdoutLine: {'line': b'./setup.py:30:9: E122 continuation line missing indentation or outdented\n'}
[1.743630] (mypkg) StdoutLine: {'line': b"        'year_pub = mypkg.year_pub:main',\n"}
[1.743829] (mypkg) StdoutLine: {'line': b'        ^\n'}
[1.744163] (mypkg) StdoutLine: {'line': b'\n'}
[1.744452] (mypkg) StdoutLine: {'line': b'./launch/wareki.launch.py:9:1: E302 expected 2 blank lines, found 1\n'}
[1.744665] (mypkg) StdoutLine: {'line': b'def generate_launch_description():\n'}
[1.745010] (mypkg) StdoutLine: {'line': b'^\n'}
[1.745321] (mypkg) StdoutLine: {'line': b'\n'}
[1.745638] (mypkg) StdoutLine: {'line': b'./mypkg/wareki_converter.py:8:1: E302 expected 2 blank lines, found 1\n'}
[1.745923] (mypkg) StdoutLine: {'line': b'def to_wareki(year: int) -> str:\n'}
[1.746374] (mypkg) StdoutLine: {'line': b'^\n'}
[1.746585] (mypkg) StdoutLine: {'line': b'\n'}
[1.746779] (mypkg) StdoutLine: {'line': b'./mypkg/wareki_converter.py:22:1: E302 expected 2 blank lines, found 1\n'}
[1.746979] (mypkg) StdoutLine: {'line': b'class WarekiConverter(Node):\n'}
[1.747175] (mypkg) StdoutLine: {'line': b'^\n'}
[1.747367] (mypkg) StdoutLine: {'line': b'\n'}
[1.747555] (mypkg) StdoutLine: {'line': b'./mypkg/wareki_converter.py:32:1: E302 expected 2 blank lines, found 1\n'}
[1.747779] (mypkg) StdoutLine: {'line': b'def main():\n'}
[1.748029] (mypkg) StdoutLine: {'line': b'^\n'}
[1.748224] (mypkg) StdoutLine: {'line': b'\n'}
[1.748417] (mypkg) StdoutLine: {'line': b'./mypkg/wareki_converter.py:39:1: E305 expected 2 blank lines after class or function definition, found 1\n'}
[1.748612] (mypkg) StdoutLine: {'line': b'if __name__ == "__main__":\n'}
[1.748806] (mypkg) StdoutLine: {'line': b'^\n'}
[1.748999] (mypkg) StdoutLine: {'line': b'\n'}
[1.749191] (mypkg) StdoutLine: {'line': b'./mypkg/setup.py:1:1: W391 blank line at end of file\n'}
[1.749413] (mypkg) StdoutLine: {'line': b'\n'}
[1.749604] (mypkg) StdoutLine: {'line': b'^\n'}
[1.749799] (mypkg) StdoutLine: {'line': b'\n'}
[1.750062] (mypkg) StdoutLine: {'line': b'./mypkg/__init__.py:1:1: W391 blank line at end of file\n'}
[1.750281] (mypkg) StdoutLine: {'line': b'\n'}
[1.750475] (mypkg) StdoutLine: {'line': b'^\n'}
[1.750664] (mypkg) StdoutLine: {'line': b'\n'}
[1.750852] (mypkg) StdoutLine: {'line': b'./mypkg/year_pub.py:8:1: E302 expected 2 blank lines, found 1\n'}
[1.751041] (mypkg) StdoutLine: {'line': b'class YearPub(Node):\n'}
[1.751223] (mypkg) StdoutLine: {'line': b'^\n'}
[1.751402] (mypkg) StdoutLine: {'line': b'\n'}
[1.751583] (mypkg) StdoutLine: {'line': b'./mypkg/year_pub.py:25:1: E302 expected 2 blank lines, found 1\n'}
[1.751816] (mypkg) StdoutLine: {'line': b'def main():\n'}
[1.752057] (mypkg) StdoutLine: {'line': b'^\n'}
[1.752329] (mypkg) StdoutLine: {'line': b'\n'}
[1.752559] (mypkg) StdoutLine: {'line': b'./mypkg/year_pub.py:30:1: E305 expected 2 blank lines after class or function definition, found 1\n'}
[1.752767] (mypkg) StdoutLine: {'line': b'if __name__ == "__main__":\n'}
[1.752960] (mypkg) StdoutLine: {'line': b'^\n'}
[1.753170] (mypkg) StdoutLine: {'line': b'\n'}
[1.753384] (mypkg) StdoutLine: {'line': b'6     E122 continuation line missing indentation or outdented\n'}
[1.753595] (mypkg) StdoutLine: {'line': b'6     E302 expected 2 blank lines, found 1\n'}
[1.753798] (mypkg) StdoutLine: {'line': b'2     E305 expected 2 blank lines after class or function definition, found 1\n'}
[1.754103] (mypkg) StdoutLine: {'line': b'2     W391 blank line at end of file\n'}
[1.754319] (mypkg) StdoutLine: {'line': b'\n'}
[1.754489] (mypkg) StdoutLine: {'line': b'14 files checked\n'}
[1.754701] (mypkg) StdoutLine: {'line': b'16 errors\n'}
[1.754945] (mypkg) StdoutLine: {'line': b'\n'}
[1.755140] (mypkg) StdoutLine: {'line': b"'E'-type errors: 14\n"}
[1.755328] (mypkg) StdoutLine: {'line': b"'W'-type errors: 2\n"}
[1.755611] (mypkg) StdoutLine: {'line': b'\n'}
[1.755777] (mypkg) StdoutLine: {'line': b'Checked files:\n'}
[1.755976] (mypkg) StdoutLine: {'line': b'\n'}
[1.756167] (mypkg) StdoutLine: {'line': b'* ./setup.py\n'}
[1.756351] (mypkg) StdoutLine: {'line': b'* ./launch/wareki.launch.py\n'}
[1.756550] (mypkg) StdoutLine: {'line': b'* ./launch/talk_listen.launch.py\n'}
[1.756749] (mypkg) StdoutLine: {'line': b'* ./mypkg/wareki_converter.py\n'}
[1.756946] (mypkg) StdoutLine: {'line': b'* ./mypkg/listener.py\n'}
[1.757137] (mypkg) StdoutLine: {'line': b'* ./mypkg/listener_topic.py\n'}
[1.757332] (mypkg) StdoutLine: {'line': b'* ./mypkg/setup.py\n'}
[1.757567] (mypkg) StdoutLine: {'line': b'* ./mypkg/__init__.py\n'}
[1.757761] (mypkg) StdoutLine: {'line': b'* ./mypkg/talker_topic.py\n'}
[1.757953] (mypkg) StdoutLine: {'line': b'* ./mypkg/year_pub.py\n'}
[1.758179] (mypkg) StdoutLine: {'line': b'* ./mypkg/talker.py\n'}
[1.758388] (mypkg) StdoutLine: {'line': b'* ./test/test_flake8.py\n'}
[1.758576] (mypkg) StdoutLine: {'line': b'* ./test/test_pep257.py\n'}
[1.758762] (mypkg) StdoutLine: {'line': b'* ./test/test_copyright.py\n'}
[1.758947] (mypkg) StdoutLine: {'line': b'----------------------------- Captured stderr call -----------------------------\n'}
[1.759128] (mypkg) StdoutLine: {'line': b'option --max-complexity: please update from optparse string `type=` to argparse callable `type=` -- this will be an error in the future\n'}
[1.759340] (mypkg) StdoutLine: {'line': b'---- generated xml file: /home/ren/ros2_ws/src/mypkg/build/mypkg/pytest.xml ----\n'}
[1.759578] (mypkg) StdoutLine: {'line': b'=========================== short test summary info ============================\n'}
[1.759733] (mypkg) StdoutLine: {'line': b'FAILED test/test_flake8.py::test_flake8 - AssertionError: Found 16 code style...\n'}
[1.759961] (mypkg) StderrLine: {'line': b'\x1b[33m=============================== warnings summary ===============================\x1b[0m\n'}
[1.760172] (mypkg) StderrLine: {'line': b'test/test_flake8.py::test_flake8\n'}
[1.760365] (mypkg) StderrLine: {'line': b'test/test_flake8.py::test_flake8\n'}
[1.760568] (mypkg) StderrLine: {'line': b'  Warning: SelectableGroups dict interface is deprecated. Use select.\n'}
[1.760756] (mypkg) StderrLine: {'line': b'\n'}
[1.760933] (mypkg) StderrLine: {'line': b'-- Docs: https://docs.pytest.org/en/stable/warnings.html\n'}
[1.761181] (mypkg) StdoutLine: {'line': b'\x1b[31m============== \x1b[31m\x1b[1m1 failed\x1b[0m, \x1b[32m1 passed\x1b[0m, \x1b[33m1 skipped\x1b[0m, \x1b[33m2 warnings\x1b[0m\x1b[31m in 0.62s\x1b[0m\x1b[31m ==============\x1b[0m\n'}
[1.806274] (-) TimerEvent: {}
[1.871930] (mypkg) CommandEnded: {'returncode': 1}
[1.872491] (mypkg) TestFailure: {'identifier': 'mypkg'}
[1.872539] (mypkg) JobEnded: {'identifier': 'mypkg', 'rc': 0}
[1.874421] (-) EventReactorShutdown: {}
