[1m============================= test session starts ==============================[0m
platform linux -- Python 3.10.12, pytest-6.2.5, py-1.10.0, pluggy-0.13.0
cachedir: build/mypkg/.pytest_cache
rootdir: /home/ren/ros2_ws/src/mypkg
plugins: launch-testing-ros-0.19.13, ament-flake8-0.12.14, launch-testing-1.0.13, ament-lint-0.12.14, ament-copyright-0.12.14, ament-xmllint-0.12.14, ament-pep257-0.12.14, colcon-core-0.20.1, cov-3.0.0
[1mcollecting ... [0m[1m
collected 3 items                                                              [0m

test/test_copyright.py [33ms[0m[32m                                                 [ 33%][0m
test/test_flake8.py [31mF[0m[31m                                                    [ 66%][0m
test/test_pep257.py [32m.[0m[31m                                                    [100%][0m

=================================== FAILURES ===================================
[31m[1m_________________________________ test_flake8 __________________________________[0m
[1m[31mtest/test_flake8.py[0m:23: in test_flake8
    [94massert[39;49;00m rc == [94m0[39;49;00m, \
[1m[31mE   AssertionError: Found 16 code style errors / warnings:[0m
[1m[31mE     ./setup.py:25:9: E122 continuation line missing indentation or outdented[0m
[1m[31mE     ./setup.py:26:9: E122 continuation line missing indentation or outdented[0m
[1m[31mE     ./setup.py:27:9: E122 continuation line missing indentation or outdented[0m
[1m[31mE     ./setup.py:28:9: E122 continuation line missing indentation or outdented[0m
[1m[31mE     ./setup.py:29:9: E122 continuation line missing indentation or outdented[0m
[1m[31mE     ./setup.py:30:9: E122 continuation line missing indentation or outdented[0m
[1m[31mE     ./launch/wareki.launch.py:9:1: E302 expected 2 blank lines, found 1[0m
[1m[31mE     ./mypkg/wareki_converter.py:8:1: E302 expected 2 blank lines, found 1[0m
[1m[31mE     ./mypkg/wareki_converter.py:22:1: E302 expected 2 blank lines, found 1[0m
[1m[31mE     ./mypkg/wareki_converter.py:32:1: E302 expected 2 blank lines, found 1[0m
[1m[31mE     ./mypkg/wareki_converter.py:39:1: E305 expected 2 blank lines after class or function definition, found 1[0m
[1m[31mE     ./mypkg/setup.py:1:1: W391 blank line at end of file[0m
[1m[31mE     ./mypkg/__init__.py:1:1: W391 blank line at end of file[0m
[1m[31mE     ./mypkg/year_pub.py:8:1: E302 expected 2 blank lines, found 1[0m
[1m[31mE     ./mypkg/year_pub.py:25:1: E302 expected 2 blank lines, found 1[0m
[1m[31mE     ./mypkg/year_pub.py:30:1: E305 expected 2 blank lines after class or function definition, found 1[0m
[1m[31mE   assert 1 == 0[0m
----------------------------- Captured stdout call -----------------------------

./setup.py:25:9: E122 continuation line missing indentation or outdented
        'talker = mypkg.talker:main',
        ^

./setup.py:26:9: E122 continuation line missing indentation or outdented
        'listener = mypkg.listener:main',
        ^

./setup.py:27:9: E122 continuation line missing indentation or outdented
        'talker_topic = mypkg.talker_topic:main',
        ^

./setup.py:28:9: E122 continuation line missing indentation or outdented
        'listener_topic = mypkg.listener_topic:main',
        ^

./setup.py:29:9: E122 continuation line missing indentation or outdented
        'wareki_converter = mypkg.wareki_converter:main',
        ^

./setup.py:30:9: E122 continuation line missing indentation or outdented
        'year_pub = mypkg.year_pub:main',
        ^

./launch/wareki.launch.py:9:1: E302 expected 2 blank lines, found 1
def generate_launch_description():
^

./mypkg/wareki_converter.py:8:1: E302 expected 2 blank lines, found 1
def to_wareki(year: int) -> str:
^

./mypkg/wareki_converter.py:22:1: E302 expected 2 blank lines, found 1
class WarekiConverter(Node):
^

./mypkg/wareki_converter.py:32:1: E302 expected 2 blank lines, found 1
def main():
^

./mypkg/wareki_converter.py:39:1: E305 expected 2 blank lines after class or function definition, found 1
if __name__ == "__main__":
^

./mypkg/setup.py:1:1: W391 blank line at end of file

^

./mypkg/__init__.py:1:1: W391 blank line at end of file

^

./mypkg/year_pub.py:8:1: E302 expected 2 blank lines, found 1
class YearPub(Node):
^

./mypkg/year_pub.py:25:1: E302 expected 2 blank lines, found 1
def main():
^

./mypkg/year_pub.py:30:1: E305 expected 2 blank lines after class or function definition, found 1
if __name__ == "__main__":
^

6     E122 continuation line missing indentation or outdented
6     E302 expected 2 blank lines, found 1
2     E305 expected 2 blank lines after class or function definition, found 1
2     W391 blank line at end of file

14 files checked
16 errors

'E'-type errors: 14
'W'-type errors: 2

Checked files:

* ./setup.py
* ./launch/wareki.launch.py
* ./launch/talk_listen.launch.py
* ./mypkg/wareki_converter.py
* ./mypkg/listener.py
* ./mypkg/listener_topic.py
* ./mypkg/setup.py
* ./mypkg/__init__.py
* ./mypkg/talker_topic.py
* ./mypkg/year_pub.py
* ./mypkg/talker.py
* ./test/test_flake8.py
* ./test/test_pep257.py
* ./test/test_copyright.py
----------------------------- Captured stderr call -----------------------------
option --max-complexity: please update from optparse string `type=` to argparse callable `type=` -- this will be an error in the future
---- generated xml file: /home/ren/ros2_ws/src/mypkg/build/mypkg/pytest.xml ----
=========================== short test summary info ============================
FAILED test/test_flake8.py::test_flake8 - AssertionError: Found 16 code style...
[31m============== [31m[1m1 failed[0m, [32m1 passed[0m, [33m1 skipped[0m, [33m2 warnings[0m[31m in 0.62s[0m[31m ==============[0m
