[1m============================= test session starts ==============================[0m
platform linux -- Python 3.10.12, pytest-6.2.5, py-1.10.0, pluggy-0.13.0
cachedir: build/mypkg/.pytest_cache
rootdir: /home/ren/ros2_ws/src/mypkg
plugins: launch-testing-ros-0.19.13, ament-flake8-0.12.14, launch-testing-1.0.13, ament-lint-0.12.14, ament-copyright-0.12.14, ament-xmllint-0.12.14, ament-pep257-0.12.14, colcon-core-0.20.1, cov-3.0.0
[1mcollecting ... [0m[1m
collected 3 items                                                              [0m

test/test_copyright.py [33ms[0m[32m                                                 [ 33%][0m
test/test_flake8.py [31mF[0m[31m                                                    [ 66%][0m
test/test_pep257.py [32m.[0m[31m                                                    [100%][0m

=================================== FAILURES ===================================
[31m[1m_________________________________ test_flake8 __________________________________[0m
[1m[31mtest/test_flake8.py[0m:30: in test_flake8
    [94massert[39;49;00m rc == [94m0[39;49;00m, [33m'[39;49;00m[33mFound [39;49;00m[33m%d[39;49;00m[33m code style errors / warnings:[39;49;00m[33m\n[39;49;00m[33m'[39;49;00m % [96mlen[39;49;00m(
[1m[31mE   AssertionError: Found 10 code style errors / warnings:[0m
[1m[31mE     ./mypkg/wareki_server.py:9:8: F821 undefined name 'ad'[0m
[1m[31mE     ./mypkg/wareki_server.py:10:25: F821 undefined name 'ad'[0m
[1m[31mE     ./mypkg/wareki_server.py:11:8: F821 undefined name 'ad'[0m
[1m[31mE     ./mypkg/wareki_server.py:12:25: F821 undefined name 'ad'[0m
[1m[31mE     ./mypkg/wareki_server.py:13:8: F821 undefined name 'ad'[0m
[1m[31mE     ./mypkg/wareki_server.py:14:25: F821 undefined name 'ad'[0m
[1m[31mE     ./mypkg/wareki_server.py:15:8: F821 undefined name 'ad'[0m
[1m[31mE     ./mypkg/wareki_server.py:16:25: F821 undefined name 'ad'[0m
[1m[31mE     ./mypkg/wareki_server.py:17:8: F821 undefined name 'ad'[0m
[1m[31mE     ./mypkg/wareki_server.py:18:25: F821 undefined name 'ad'[0m
[1m[31mE   assert 1 == 0[0m
----------------------------- Captured stdout call -----------------------------

./mypkg/wareki_server.py:9:8: F821 undefined name 'ad'

./mypkg/wareki_server.py:10:25: F821 undefined name 'ad'

./mypkg/wareki_server.py:11:8: F821 undefined name 'ad'

./mypkg/wareki_server.py:12:25: F821 undefined name 'ad'

./mypkg/wareki_server.py:13:8: F821 undefined name 'ad'

./mypkg/wareki_server.py:14:25: F821 undefined name 'ad'

./mypkg/wareki_server.py:15:8: F821 undefined name 'ad'

./mypkg/wareki_server.py:16:25: F821 undefined name 'ad'

./mypkg/wareki_server.py:17:8: F821 undefined name 'ad'

./mypkg/wareki_server.py:18:25: F821 undefined name 'ad'


14 files checked
10 errors

'F'-type errors: 10

Checked files:

* ./setup.py
* ./launch/wareki.launch.py
* ./launch/talk_listen.launch.py
* ./mypkg/wareki_converter.py
* ./mypkg/listener.py
* ./mypkg/listener_topic.py
* ./mypkg/wareki_server.py
* ./mypkg/__init__.py
* ./mypkg/talker_topic.py
* ./mypkg/year_pub.py
* ./mypkg/talker.py
* ./test/test_flake8.py
* ./test/test_pep257.py
* ./test/test_copyright.py
----------------------------- Captured stderr call -----------------------------
option --max-complexity: please update from optparse string `type=` to argparse callable `type=` -- this will be an error in the future
---- generated xml file: /home/ren/ros2_ws/src/mypkg/build/mypkg/pytest.xml ----
=========================== short test summary info ============================
FAILED test/test_flake8.py::test_flake8 - AssertionError: Found 10 code style...
[31m============== [31m[1m1 failed[0m, [32m1 passed[0m, [33m1 skipped[0m, [33m2 warnings[0m[31m in 0.36s[0m[31m ==============[0m
[33m=============================== warnings summary ===============================[0m
test/test_flake8.py::test_flake8
test/test_flake8.py::test_flake8
  Warning: SelectableGroups dict interface is deprecated. Use select.

-- Docs: https://docs.pytest.org/en/stable/warnings.html
