[0.416s] Invoking command in '/home/ren/ros2_ws/src/mypkg': CONDA_PROMPT_MODIFIER=(base) PYTEST_ADDOPTS=--tb=short --junit-xml=/home/ren/ros2_ws/src/mypkg/build/mypkg/pytest.xml --junit-prefix=mypkg -o cache_dir=/home/ren/ros2_ws/src/mypkg/build/mypkg/.pytest_cache PYTHONDONTWRITEBYTECODE=1 /usr/bin/python3 -m pytest
[0.816s] [1m============================= test session starts ==============================[0m
[0.816s] platform linux -- Python 3.10.12, pytest-6.2.5, py-1.10.0, pluggy-0.13.0
[0.822s] cachedir: build/mypkg/.pytest_cache
[0.822s] rootdir: /home/ren/ros2_ws/src/mypkg
[0.822s] plugins: launch-testing-ros-0.19.13, ament-flake8-0.12.14, launch-testing-1.0.13, ament-lint-0.12.14, ament-copyright-0.12.14, ament-xmllint-0.12.14, ament-pep257-0.12.14, colcon-core-0.20.1, cov-3.0.0
[0.943s] [1mcollecting ... [0m[1m
[0.943s] collected 3 items                                                              [0m
[0.943s] 
[0.952s] test/test_copyright.py [33ms[0m[32m                                                 [ 33%][0m
[1.161s] test/test_flake8.py [31mF[0m[31m                                                    [ 66%][0m
[1.213s] test/test_pep257.py [31mF[0m[31m                                                    [100%][0m
[1.213s] 
[1.213s] =================================== FAILURES ===================================
[1.213s] [31m[1m_________________________________ test_flake8 __________________________________[0m
[1.213s] [1m[31mtest/test_flake8.py[0m:30: in test_flake8
[1.248s]     [94massert[39;49;00m rc == [94m0[39;49;00m, [33m'[39;49;00m[33mFound [39;49;00m[33m%d[39;49;00m[33m code style errors / warnings:[39;49;00m[33m\n[39;49;00m[33m'[39;49;00m % [96mlen[39;49;00m(
[1.249s] [1m[31mE   AssertionError: Found 2 code style errors / warnings:[0m
[1.249s] [1m[31mE     ./setup.py:16:12: E121 continuation line under-indented for hanging indent[0m
[1.250s] [1m[31mE     ./launch/wareki.launch.py:14:18: E126 continuation line over-indented for hanging indent[0m
[1.250s] [1m[31mE   assert 1 == 0[0m
[1.250s] ----------------------------- Captured stdout call -----------------------------
[1.250s] [33m=============================== warnings summary ===============================[0m
[1.250s] test/test_flake8.py::test_flake8
[1.250s] test/test_flake8.py::test_flake8
[1.250s]   Warning: SelectableGroups dict interface is deprecated. Use select.
[1.250s] 
[1.250s] -- Docs: https://docs.pytest.org/en/stable/warnings.html
[1.250s] 
[1.250s] ./setup.py:16:12: E121 continuation line under-indented for hanging indent
[1.250s] 
[1.250s] ./launch/wareki.launch.py:14:18: E126 continuation line over-indented for hanging indent
[1.250s] 
[1.250s] 
[1.251s] 14 files checked
[1.251s] 2 errors
[1.251s] 
[1.251s] 'E'-type errors: 2
[1.251s] 
[1.251s] Checked files:
[1.251s] 
[1.251s] * ./setup.py
[1.251s] * ./launch/wareki.launch.py
[1.251s] * ./launch/talk_listen.launch.py
[1.251s] * ./mypkg/wareki_converter.py
[1.251s] * ./mypkg/listener.py
[1.251s] * ./mypkg/listener_topic.py
[1.251s] * ./mypkg/wareki_server.py
[1.251s] * ./mypkg/__init__.py
[1.251s] * ./mypkg/talker_topic.py
[1.251s] * ./mypkg/year_pub.py
[1.251s] * ./mypkg/talker.py
[1.251s] * ./test/test_flake8.py
[1.251s] * ./test/test_pep257.py
[1.251s] * ./test/test_copyright.py
[1.251s] ----------------------------- Captured stderr call -----------------------------
[1.251s] option --max-complexity: please update from optparse string `type=` to argparse callable `type=` -- this will be an error in the future
[1.251s] [31m[1m_________________________________ test_pep257 __________________________________[0m
[1.252s] [1m[31mtest/test_pep257.py[0m:23: in test_pep257
[1.252s]     [94massert[39;49;00m rc == [94m0[39;49;00m, [33m'[39;49;00m[33mFound code style errors / warnings[39;49;00m[33m'[39;49;00m
[1.252s] [1m[31mE   AssertionError: Found code style errors / warnings[0m
[1.252s] [1m[31mE   assert 1 == 0[0m
[1.252s] ----------------------------- Captured stdout call -----------------------------
[1.252s] checking ./launch/talk_listen.launch.py
[1.252s] checking ./launch/wareki.launch.py
[1.252s] checking ./mypkg/__init__.py
[1.252s] checking ./mypkg/listener.py
[1.252s] checking ./mypkg/listener_topic.py
[1.252s] checking ./mypkg/talker.py
[1.252s] checking ./mypkg/talker_topic.py
[1.252s] checking ./mypkg/wareki_converter.py
[1.252s] checking ./mypkg/wareki_server.py
[1.252s] ./mypkg/wareki_server.py:8 in public function `ad_to_wareki`: D300: Use """triple double quotes""" (found '''-quotes)
[1.252s] checking ./mypkg/year_pub.py
[1.252s] checking ./setup.py
[1.252s] checking ./test/test_copyright.py
[1.252s] checking ./test/test_flake8.py
[1.252s] checking ./test/test_pep257.py
[1.252s] checking test/test_copyright.py
[1.252s] checking test/test_flake8.py
[1.252s] checking test/test_pep257.py
[1.253s] 1 errors
[1.253s] ---- generated xml file: /home/ren/ros2_ws/src/mypkg/build/mypkg/pytest.xml ----
[1.253s] =========================== short test summary info ============================
[1.253s] FAILED test/test_flake8.py::test_flake8 - AssertionError: Found 2 code style ...
[1.253s] FAILED test/test_pep257.py::test_pep257 - AssertionError: Found code style er...
[1.253s] [31m=================== [31m[1m2 failed[0m, [33m1 skipped[0m, [33m2 warnings[0m[31m in 0.43s[0m[31m ===================[0m
[1.329s] Invoked command in '/home/ren/ros2_ws/src/mypkg' returned '1': CONDA_PROMPT_MODIFIER=(base) PYTEST_ADDOPTS=--tb=short --junit-xml=/home/ren/ros2_ws/src/mypkg/build/mypkg/pytest.xml --junit-prefix=mypkg -o cache_dir=/home/ren/ros2_ws/src/mypkg/build/mypkg/.pytest_cache PYTHONDONTWRITEBYTECODE=1 /usr/bin/python3 -m pytest
