[0.415s] Invoking command in '/home/ren/ros2_ws/src/mypkg': CONDA_PROMPT_MODIFIER=(base) PYTEST_ADDOPTS=--tb=short --junit-xml=/home/ren/ros2_ws/src/mypkg/build/mypkg/pytest.xml --junit-prefix=mypkg -o cache_dir=/home/ren/ros2_ws/src/mypkg/build/mypkg/.pytest_cache PYTHONDONTWRITEBYTECODE=1 /usr/bin/python3 -m pytest
[0.973s] [1m============================= test session starts ==============================[0m
[0.973s] platform linux -- Python 3.10.12, pytest-6.2.5, py-1.10.0, pluggy-0.13.0
[0.979s] cachedir: build/mypkg/.pytest_cache
[0.979s] rootdir: /home/ren/ros2_ws/src/mypkg
[0.979s] plugins: launch-testing-ros-0.19.13, ament-flake8-0.12.14, launch-testing-1.0.13, ament-lint-0.12.14, ament-copyright-0.12.14, ament-xmllint-0.12.14, ament-pep257-0.12.14, colcon-core-0.20.1, cov-3.0.0
[1.124s] [1mcollecting ... [0m[1m
[1.124s] collected 3 items                                                              [0m
[1.124s] 
[1.132s] test/test_copyright.py [33ms[0m[32m                                                 [ 33%][0m
[1.422s] test/test_flake8.py [31mF[0m[31m                                                    [ 66%][0m
[1.464s] test/test_pep257.py [31mF[0m[31m                                                    [100%][0m
[1.464s] 
[1.464s] =================================== FAILURES ===================================
[1.464s] [31m[1m_________________________________ test_flake8 __________________________________[0m
[1.464s] [1m[31mtest/test_flake8.py[0m:30: in test_flake8
[1.539s]     [94massert[39;49;00m rc == [94m0[39;49;00m, [33m'[39;49;00m[33mFound [39;49;00m[33m%d[39;49;00m[33m code style errors / warnings:[39;49;00m[33m\n[39;49;00m[33m'[39;49;00m % [96mlen[39;49;00m(
[1.539s] [1m[31mE   AssertionError: Found 2 code style errors / warnings:[0m
[1.539s] [1m[31mE     ./setup.py:17:12: E131 continuation line unaligned for hanging indent[0m
[1.540s] [1m[31mE     ./launch/wareki.launch.py:13:80: E501 line too long (82 > 79 characters)[0m
[1.540s] [1m[31mE   assert 1 == 0[0m
[1.540s] ----------------------------- Captured stdout call -----------------------------
[1.541s] 
[1.541s] ./setup.py:17:12: E131 continuation line unaligned for hanging indent
[1.541s] 
[1.541s] ./launch/wareki.launch.py:13:80: E501 line too long (82 > 79 characters)
[1.541s] 
[1.541s] 
[1.541s] 14 files checked
[1.541s] 2 errors
[1.541s] 
[1.541s] 'E'-type errors: 2
[1.541s] 
[1.541s] Checked files:
[1.541s] 
[1.541s] * ./setup.py
[1.541s] * ./launch/wareki.launch.py
[1.541s] * ./launch/talk_listen.launch.py
[1.541s] * ./mypkg/wareki_converter.py
[1.541s] * ./mypkg/listener.py
[1.542s] * ./mypkg/listener_topic.py
[1.542s] * ./mypkg/wareki_server.py
[1.542s] * ./mypkg/__init__.py
[1.542s] * ./mypkg/talker_topic.py
[1.542s] * ./mypkg/year_pub.py
[1.542s] * ./mypkg/talker.py
[1.542s] * ./test/test_flake8.py
[1.542s] * ./test/test_pep257.py
[1.542s] * ./test/test_copyright.py
[1.542s] ----------------------------- Captured stderr call -----------------------------
[1.542s] option --max-complexity: please update from optparse string `type=` to argparse callable `type=` -- this will be an error in the future
[1.542s] [31m[1m_________________________________ test_pep257 __________________________________[0m
[1.542s] [1m[31mtest/test_pep257.py[0m:23: in test_pep257
[1.542s]     [94massert[39;49;00m rc == [94m0[39;49;00m, [33m'[39;49;00m[33mFound code style errors / warnings[39;49;00m[33m'[39;49;00m
[1.542s] [1m[31mE   AssertionError: Found code style errors / warnings[0m
[1.542s] [1m[31mE   assert 1 == 0[0m
[1.542s] ----------------------------- Captured stdout call -----------------------------
[1.542s] checking ./launch/talk_listen.launch.py
[1.542s] checking ./launch/wareki.launch.py
[1.542s] checking ./mypkg/__init__.py
[1.543s] checking ./mypkg/listener.py
[1.543s] checking ./mypkg/listener_topic.py
[1.543s] checking ./mypkg/talker.py
[1.543s] checking ./mypkg/talker_topic.py
[1.543s] checking ./mypkg/wareki_converter.py
[1.543s] checking ./mypkg/wareki_server.py
[1.543s] ./mypkg/wareki_server.py:8 in public function `ad_to_wareki`: D300: Use """triple double quotes""" (found '''-quotes)
[1.543s] checking ./mypkg/year_pub.py
[1.543s] checking ./setup.py
[1.543s] checking ./test/test_copyright.py
[1.543s] checking ./test/test_flake8.py
[1.543s] checking ./test/test_pep257.py
[1.543s] checking test/test_copyright.py
[1.543s] checking test/test_flake8.py
[1.543s] checking test/test_pep257.py
[1.543s] 1 errors
[1.543s] [33m=============================== warnings summary ===============================[0m
[1.543s] test/test_flake8.py::test_flake8
[1.544s] test/test_flake8.py::test_flake8
[1.544s]   Warning: SelectableGroups dict interface is deprecated. Use select.
[1.544s] 
[1.544s] -- Docs: https://docs.pytest.org/en/stable/warnings.html
[1.544s] ---- generated xml file: /home/ren/ros2_ws/src/mypkg/build/mypkg/pytest.xml ----
[1.544s] =========================== short test summary info ============================
[1.544s] FAILED test/test_flake8.py::test_flake8 - AssertionError: Found 2 code style ...
[1.544s] FAILED test/test_pep257.py::test_pep257 - AssertionError: Found code style er...
[1.544s] [31m=================== [31m[1m2 failed[0m, [33m1 skipped[0m, [33m2 warnings[0m[31m in 0.57s[0m[31m ===================[0m
[1.645s] Invoked command in '/home/ren/ros2_ws/src/mypkg' returned '1': CONDA_PROMPT_MODIFIER=(base) PYTEST_ADDOPTS=--tb=short --junit-xml=/home/ren/ros2_ws/src/mypkg/build/mypkg/pytest.xml --junit-prefix=mypkg -o cache_dir=/home/ren/ros2_ws/src/mypkg/build/mypkg/.pytest_cache PYTHONDONTWRITEBYTECODE=1 /usr/bin/python3 -m pytest
