[0.460s] Invoking command in '/home/ren/ros2_ws/src/mypkg': CONDA_PROMPT_MODIFIER=(base) PYTEST_ADDOPTS=--tb=short --junit-xml=/home/ren/ros2_ws/src/mypkg/build/mypkg/pytest.xml --junit-prefix=mypkg -o cache_dir=/home/ren/ros2_ws/src/mypkg/build/mypkg/.pytest_cache PYTHONDONTWRITEBYTECODE=1 /usr/bin/python3 -m pytest
[1.098s] [1m============================= test session starts ==============================[0m
[1.098s] platform linux -- Python 3.10.12, pytest-6.2.5, py-1.10.0, pluggy-0.13.0
[1.104s] cachedir: build/mypkg/.pytest_cache
[1.104s] rootdir: /home/ren/ros2_ws/src/mypkg
[1.104s] plugins: launch-testing-ros-0.19.13, ament-flake8-0.12.14, launch-testing-1.0.13, ament-lint-0.12.14, ament-copyright-0.12.14, ament-xmllint-0.12.14, ament-pep257-0.12.14, colcon-core-0.20.1, cov-3.0.0
[1.285s] [1mcollecting ... [0m[1m
[1.285s] collected 3 items                                                              [0m
[1.285s] 
[1.296s] test/test_copyright.py [33ms[0m[32m                                                 [ 33%][0m
[1.631s] test/test_flake8.py [32m.[0m[33m                                                    [ 66%][0m
[1.744s] test/test_pep257.py [31mF[0m[31m                                                    [100%][0m
[1.744s] 
[1.744s] =================================== FAILURES ===================================
[1.744s] [31m[1m_________________________________ test_pep257 __________________________________[0m
[1.744s] [1m[31mtest/test_pep257.py[0m:23: in test_pep257
[1.800s]     [94massert[39;49;00m rc == [94m0[39;49;00m, [33m'[39;49;00m[33mFound code style errors / warnings[39;49;00m[33m'[39;49;00m
[1.801s] [1m[31mE   AssertionError: Found code style errors / warnings[0m
[1.801s] [1m[31mE   assert 1 == 0[0m
[1.801s] ----------------------------- Captured stdout call -----------------------------
[1.801s] checking ./launch/talk_listen.launch.py
[1.801s] checking ./launch/wareki.launch.py
[1.801s] checking ./mypkg/__init__.py
[1.801s] checking ./mypkg/listener.py
[1.802s] checking ./mypkg/listener_topic.py
[1.802s] checking ./mypkg/talker.py
[1.802s] checking ./mypkg/talker_topic.py
[1.802s] checking ./mypkg/wareki_converter.py
[1.802s] checking ./mypkg/wareki_server.py
[1.802s] ./mypkg/wareki_server.py:8 in public function `ad_to_wareki`: D300: Use """triple double quotes""" (found '''-quotes)
[1.802s] checking ./mypkg/year_pub.py
[1.802s] checking ./setup.py
[1.802s] checking ./test/test_copyright.py
[1.802s] checking ./test/test_flake8.py
[1.802s] checking ./test/test_pep257.py
[1.802s] checking test/test_copyright.py
[1.802s] checking test/test_flake8.py
[1.802s] checking test/test_pep257.py
[1.802s] 1 errors
[1.802s] ---- generated xml file: /home/ren/ros2_ws/src/mypkg/build/mypkg/pytest.xml ----
[1.803s] =========================== short test summary info ============================
[1.803s] FAILED test/test_pep257.py::test_pep257 - AssertionError: Found code style er...
[1.803s] [33m=============================== warnings summary ===============================[0m
[1.803s] test/test_flake8.py::test_flake8
[1.803s] test/test_flake8.py::test_flake8
[1.803s]   Warning: SelectableGroups dict interface is deprecated. Use select.
[1.803s] 
[1.803s] -- Docs: https://docs.pytest.org/en/stable/warnings.html
[1.803s] [31m============== [31m[1m1 failed[0m, [32m1 passed[0m, [33m1 skipped[0m, [33m2 warnings[0m[31m in 0.70s[0m[31m ==============[0m
[1.891s] Invoked command in '/home/ren/ros2_ws/src/mypkg' returned '1': CONDA_PROMPT_MODIFIER=(base) PYTEST_ADDOPTS=--tb=short --junit-xml=/home/ren/ros2_ws/src/mypkg/build/mypkg/pytest.xml --junit-prefix=mypkg -o cache_dir=/home/ren/ros2_ws/src/mypkg/build/mypkg/.pytest_cache PYTHONDONTWRITEBYTECODE=1 /usr/bin/python3 -m pytest
