<?xml version="1.0" encoding="utf-8"?><testsuites><testsuite name="pytest" errors="0" failures="0" skipped="1" tests="3" time="0.350" timestamp="2026-01-08T15:10:20.369460" hostname="Okaren"><testcase classname="mypkg.test.test_copyright" name="test_copyright" time="0.000"><skipped type="pytest.skip" message="No copyright header has been placed in the generated source file.">/home/ren/ros2_ws/src/mypkg/test/test_copyright.py:20: No copyright header has been placed in the generated source file.</skipped></testcase><testcase classname="mypkg.test.test_flake8" name="test_flake8" time="0.175" /><testcase classname="mypkg.test.test_pep257" name="test_pep257" time="0.047" /></testsuite></testsuites>