<?xml version="1.0" encoding="utf-8"?><testsuites><testsuite name="pytest" errors="0" failures="1" skipped="1" tests="3" time="0.536" timestamp="2025-12-31T22:50:40.328144" hostname="Okaren"><testcase classname="mypkg.test.test_copyright" name="test_copyright" time="0.000"><skipped type="pytest.skip" message="No copyright header has been placed in the generated source file.">/home/ren/ros2_ws/src/mypkg/test/test_copyright.py:20: No copyright header has been placed in the generated source file.</skipped></testcase><testcase classname="mypkg.test.test_flake8" name="test_flake8" time="0.251"><failure message="AssertionError: Found 16 code style errors / warnings:&#10;  ./setup.py:25:9: E122 continuation line missing indentation or outdented&#10;  ./setup.py:26:9: E122 continuation line missing indentation or outdented&#10;  ./setup.py:27:9: E122 continuation line missing indentation or outdented&#10;  ./setup.py:28:9: E122 continuation line missing indentation or outdented&#10;  ./setup.py:29:9: E122 continuation line missing indentation or outdented&#10;  ./setup.py:30:9: E122 continuation line missing indentation or outdented&#10;  ./launch/wareki.launch.py:9:1: E302 expected 2 blank lines, found 1&#10;  ./mypkg/wareki_converter.py:8:1: E302 expected 2 blank lines, found 1&#10;  ./mypkg/wareki_converter.py:22:1: E302 expected 2 blank lines, found 1&#10;  ./mypkg/wareki_converter.py:32:1: E302 expected 2 blank lines, found 1&#10;  ./mypkg/wareki_converter.py:39:1: E305 expected 2 blank lines after class or function definition, found 1&#10;  ./mypkg/setup.py:1:1: W391 blank line at end of file&#10;  ./mypkg/__init__.py:1:1: W391 blank line at end of file&#10;  ./mypkg/year_pub.py:8:1: E302 expected 2 blank lines, found 1&#10;  ./mypkg/year_pub.py:25:1: E302 expected 2 blank lines, found 1&#10;  ./mypkg/year_pub.py:30:1: E305 expected 2 blank lines after class or function definition, found 1&#10;assert 1 == 0">test/test_flake8.py:23: in test_flake8
    assert rc == 0, \
E   AssertionError: Found 16 code style errors / warnings:
E     ./setup.py:25:9: E122 continuation line missing indentation or outdented
E     ./setup.py:26:9: E122 continuation line missing indentation or outdented
E     ./setup.py:27:9: E122 continuation line missing indentation or outdented
E     ./setup.py:28:9: E122 continuation line missing indentation or outdented
E     ./setup.py:29:9: E122 continuation line missing indentation or outdented
E     ./setup.py:30:9: E122 continuation line missing indentation or outdented
E     ./launch/wareki.launch.py:9:1: E302 expected 2 blank lines, found 1
E     ./mypkg/wareki_converter.py:8:1: E302 expected 2 blank lines, found 1
E     ./mypkg/wareki_converter.py:22:1: E302 expected 2 blank lines, found 1
E     ./mypkg/wareki_converter.py:32:1: E302 expected 2 blank lines, found 1
E     ./mypkg/wareki_converter.py:39:1: E305 expected 2 blank lines after class or function definition, found 1
E     ./mypkg/setup.py:1:1: W391 blank line at end of file
E     ./mypkg/__init__.py:1:1: W391 blank line at end of file
E     ./mypkg/year_pub.py:8:1: E302 expected 2 blank lines, found 1
E     ./mypkg/year_pub.py:25:1: E302 expected 2 blank lines, found 1
E     ./mypkg/year_pub.py:30:1: E305 expected 2 blank lines after class or function definition, found 1
E   assert 1 == 0</failure></testcase><testcase classname="mypkg.test.test_pep257" name="test_pep257" time="0.043" /></testsuite></testsuites>